<?xml version="1.0" encoding="UTF-8"?>
<testsuite xmlns:xsi="http://www.w3.org/2001/XMLSchema-instance" xsi:noNamespaceSchemaLocation="https://maven.apache.org/surefire/maven-surefire-plugin/xsd/surefire-test-report-3.0.xsd" version="3.0" name="com.projetoSMD.produtosCRUD.ProdutosCrudApplicationTests" time="7.128" tests="1" errors="0" skipped="0" failures="0">
  <properties>
[...]
</properties>
  <testcase name="contextLoads" classname="com.projetoSMD.produtosCRUD.ProdutosCrudApplicationTests" time="0.64">
    <system-out><![CDATA[21:40:03.268 [main] INFO org.springframework.test.context.support.AnnotationConfigContextLoaderUtils -- Could not detect default configuration classes for test class [com.projetoSMD.produtosCRUD.ProdutosCrudApplicationTests]: ProdutosCrudApplicationTests does not declare any static, non-private, non-final, nested classes annotated with @Configuration.
21:40:03.378 [main] INFO org.springframework.boot.test.context.SpringBootTestContextBootstrapper -- Found @SpringBootConfiguration com.projetoSMD.produtosCRUD.ProdutosCrudApplication for test class com.projetoSMD.produtosCRUD.ProdutosCrudApplicationTests

  .   ____          _            __ _ _
 /\\ / ___'_ __ _ _(_)_ __  __ _ \ \ \ \
( ( )\___ | '_ | '_| | '_ \/ _` | \ \ \ \
 \\/  ___)| |_)| | | | | || (_| |  ) ) ) )
  '  |____| .__|_| |_|_| |_\__, | / / / /
 =========|_|==============|___/=/_/_/_/
 :: Spring Boot ::                (v3.1.0)

2023-06-02T21:40:03.975-03:00  INFO 11664 --- [           main] c.p.p.ProdutosCrudApplicationTests       : Starting ProdutosCrudApplicationTests using Java 17.0.7 with PID 11664 (started by willi in C:\Users\willi\eclipse-workspace\produtosCRUD)
2023-06-02T21:40:03.977-03:00  INFO 11664 --- [           main] c.p.p.ProdutosCrudApplicationTests       : No active profile set, falling back to 1 default profile: "default"
2023-06-02T21:40:04.802-03:00  INFO 11664 --- [           main] .s.d.r.c.RepositoryConfigurationDelegate : Bootstrapping Spring Data JPA repositories in DEFAULT mode.
2023-06-02T21:40:04.872-03:00  INFO 11664 --- [           main] .s.d.r.c.RepositoryConfigurationDelegate : Finished Spring Data repository scanning in 58 ms. Found 1 JPA repository interfaces.
2023-06-02T21:40:05.537-03:00  INFO 11664 --- [           main] o.f.c.internal.license.VersionPrinter    : Flyway Community Edition 9.16.3 by Redgate
2023-06-02T21:40:05.537-03:00  INFO 11664 --- [           main] o.f.c.internal.license.VersionPrinter    : See release notes here: https://rd.gt/416ObMi
2023-06-02T21:40:05.537-03:00  INFO 11664 --- [           main] o.f.c.internal.license.VersionPrinter    : 
2023-06-02T21:40:05.552-03:00  INFO 11664 --- [           main] com.zaxxer.hikari.HikariDataSource       : HikariPool-1 - Starting...
2023-06-02T21:40:06.072-03:00  INFO 11664 --- [           main] com.zaxxer.hikari.pool.HikariPool        : HikariPool-1 - Added connection com.mysql.cj.jdbc.ConnectionImpl@68aec50
2023-06-02T21:40:06.074-03:00  INFO 11664 --- [           main] com.zaxxer.hikari.HikariDataSource       : HikariPool-1 - Start completed.
2023-06-02T21:40:06.106-03:00  INFO 11664 --- [           main] o.f.c.i.database.base.BaseDatabaseType   : Database: jdbc:mysql://localhost:3306/produtoscrud (MySQL 8.0)
2023-06-02T21:40:06.154-03:00  INFO 11664 --- [           main] o.f.core.internal.command.DbValidate     : Successfully validated 1 migration (execution time 00:00.023s)
2023-06-02T21:40:06.171-03:00  INFO 11664 --- [           main] o.f.core.internal.command.DbMigrate      : Current version of schema `produtoscrud`: 1
2023-06-02T21:40:06.172-03:00  INFO 11664 --- [           main] o.f.core.internal.command.DbMigrate      : Schema `produtoscrud` is up to date. No migration necessary.
2023-06-02T21:40:06.331-03:00  INFO 11664 --- [           main] o.hibernate.jpa.internal.util.LogHelper  : HHH000204: Processing PersistenceUnitInfo [name: default]
2023-06-02T21:40:06.424-03:00  INFO 11664 --- [           main] org.hibernate.Version                    : HHH000412: Hibernate ORM core version 6.2.2.Final
2023-06-02T21:40:06.428-03:00  INFO 11664 --- [           main] org.hibernate.cfg.Environment            : HHH000406: Using bytecode reflection optimizer
2023-06-02T21:40:06.626-03:00  INFO 11664 --- [           main] o.h.b.i.BytecodeProviderInitiator        : HHH000021: Bytecode provider name : bytebuddy
2023-06-02T21:40:06.799-03:00  INFO 11664 --- [           main] o.s.o.j.p.SpringPersistenceUnitInfo      : No LoadTimeWeaver setup: ignoring JPA class transformer
2023-06-02T21:40:06.880-03:00  INFO 11664 --- [           main] org.hibernate.orm.dialect                : HHH035001: Using dialect: org.hibernate.dialect.MySQLDialect, version: 8.0.33
2023-06-02T21:40:07.101-03:00  INFO 11664 --- [           main] o.h.b.i.BytecodeProviderInitiator        : HHH000021: Bytecode provider name : bytebuddy
2023-06-02T21:40:07.732-03:00  INFO 11664 --- [           main] o.h.e.t.j.p.i.JtaPlatformInitiator       : HHH000490: Using JtaPlatform implementation: [org.hibernate.engine.transaction.jta.platform.internal.NoJtaPlatform]
Hibernate: alter table produto modify column preco  float(53) not null
2023-06-02T21:40:08.244-03:00  INFO 11664 --- [           main] j.LocalContainerEntityManagerFactoryBean : Initialized JPA EntityManagerFactory for persistence unit 'default'
2023-06-02T21:40:09.134-03:00  INFO 11664 --- [           main] o.s.b.a.w.s.WelcomePageHandlerMapping    : Adding welcome page template: index
2023-06-02T21:40:09.509-03:00  INFO 11664 --- [           main] c.p.p.ProdutosCrudApplicationTests       : Started ProdutosCrudApplicationTests in 5.889 seconds (process running for 7.18)
]]></system-out>
  </testcase>
</testsuite>